TN:
SF:js\payments.js
FN:5,(anonymous_0)
FN:15,(anonymous_1)
FN:22,(anonymous_2)
FN:118,(anonymous_3)
FN:120,(anonymous_4)
FN:127,(anonymous_5)
FN:136,(anonymous_6)
FN:141,(anonymous_7)
FN:148,(anonymous_8)
FN:171,(anonymous_9)
FN:179,(anonymous_10)
FN:214,(anonymous_11)
FN:230,(anonymous_12)
FN:256,(anonymous_13)
FN:257,(anonymous_14)
FN:258,(anonymous_15)
FN:270,(anonymous_16)
FN:324,(anonymous_17)
FN:341,(anonymous_18)
FN:376,(anonymous_19)
FN:385,(anonymous_20)
FN:397,(anonymous_21)
FN:410,(anonymous_22)
FN:418,(anonymous_23)
FN:424,(anonymous_24)
FN:430,(anonymous_25)
FN:437,selectSpecialty
FN:456,(anonymous_27)
FN:463,createModal
FN:470,formatCardNumber
FN:477,formatExpiry
FN:485,formatCPF
FN:493,downloadBoleto
FN:496,(anonymous_33)
FN:501,sendBoletoEmail
FN:506,loadPaymentHistory
FN:521,getPaymentHistory
FN:526,getPaymentById
FN:527,(anonymous_38)
FN:531,(anonymous_39)
FNF:40
FNH:0
FNDA:0,(anonymous_0)
FNDA:0,(anonymous_1)
FNDA:0,(anonymous_2)
FNDA:0,(anonymous_3)
FNDA:0,(anonymous_4)
FNDA:0,(anonymous_5)
FNDA:0,(anonymous_6)
FNDA:0,(anonymous_7)
FNDA:0,(anonymous_8)
FNDA:0,(anonymous_9)
FNDA:0,(anonymous_10)
FNDA:0,(anonymous_11)
FNDA:0,(anonymous_12)
FNDA:0,(anonymous_13)
FNDA:0,(anonymous_14)
FNDA:0,(anonymous_15)
FNDA:0,(anonymous_16)
FNDA:0,(anonymous_17)
FNDA:0,(anonymous_18)
FNDA:0,(anonymous_19)
FNDA:0,(anonymous_20)
FNDA:0,(anonymous_21)
FNDA:0,(anonymous_22)
FNDA:0,(anonymous_23)
FNDA:0,(anonymous_24)
FNDA:0,(anonymous_25)
FNDA:0,selectSpecialty
FNDA:0,(anonymous_27)
FNDA:0,createModal
FNDA:0,formatCardNumber
FNDA:0,formatExpiry
FNDA:0,formatCPF
FNDA:0,downloadBoleto
FNDA:0,(anonymous_33)
FNDA:0,sendBoletoEmail
FNDA:0,loadPaymentHistory
FNDA:0,getPaymentHistory
FNDA:0,getPaymentById
FNDA:0,(anonymous_38)
FNDA:0,(anonymous_39)
DA:6,0
DA:10,0
DA:11,0
DA:12,0
DA:16,0
DA:17,0
DA:18,0
DA:23,0
DA:113,0
DA:114,0
DA:120,0
DA:121,0
DA:122,0
DA:123,0
DA:127,0
DA:128,0
DA:129,0
DA:130,0
DA:132,0
DA:136,0
DA:137,0
DA:141,0
DA:142,0
DA:143,0
DA:149,0
DA:158,0
DA:159,0
DA:160,0
DA:161,0
DA:164,0
DA:165,0
DA:167,0
DA:172,0
DA:173,0
DA:174,0
DA:175,0
DA:180,0
DA:181,0
DA:182,0
DA:184,0
DA:186,0
DA:187,0
DA:188,0
DA:191,0
DA:192,0
DA:196,0
DA:199,0
DA:202,0
DA:203,0
DA:206,0
DA:207,0
DA:214,0
DA:215,0
DA:219,0
DA:220,0
DA:223,0
DA:224,0
DA:225,0
DA:231,0
DA:232,0
DA:233,0
DA:234,0
DA:236,0
DA:237,0
DA:240,0
DA:241,0
DA:244,0
DA:245,0
DA:248,0
DA:249,0
DA:252,0
DA:257,0
DA:258,0
DA:260,0
DA:261,0
DA:263,0
DA:271,0
DA:272,0
DA:274,0
DA:275,0
DA:277,0
DA:278,0
DA:282,0
DA:283,0
DA:285,0
DA:297,0
DA:299,0
DA:305,0
DA:306,0
DA:307,0
DA:310,0
DA:313,0
DA:315,0
DA:318,0
DA:319,0
DA:325,0
DA:327,0
DA:331,0
DA:332,0
DA:335,0
DA:336,0
DA:342,0
DA:360,0
DA:363,0
DA:364,0
DA:372,0
DA:376,0
DA:377,0
DA:378,0
DA:379,0
DA:388,0
DA:391,0
DA:392,0
DA:398,0
DA:401,0
DA:402,0
DA:405,0
DA:411,0
DA:412,0
DA:414,0
DA:415,0
DA:418,0
DA:419,0
DA:425,0
DA:426,0
DA:431,0
DA:432,0
DA:439,0
DA:448,0
DA:449,0
DA:451,0
DA:456,0
DA:457,0
DA:461,0
DA:462,0
DA:464,0
DA:465,0
DA:466,0
DA:467,0
DA:471,0
DA:472,0
DA:473,0
DA:474,0
DA:478,0
DA:479,0
DA:480,0
DA:482,0
DA:486,0
DA:487,0
DA:488,0
DA:489,0
DA:490,0
DA:494,0
DA:496,0
DA:497,0
DA:502,0
DA:507,0
DA:508,0
DA:509,0
DA:510,0
DA:512,0
DA:513,0
DA:516,0
DA:522,0
DA:527,0
DA:531,0
DA:532,0
DA:536,0
DA:537,0
DA:538,0
DA:539,0
DA:540,0
DA:541,0
DA:542,0
DA:543,0
DA:544,0
DA:546,0
LF:177
LH:0
BRDA:122,0,0,0
BRDA:122,0,1,0
BRDA:129,1,0,0
BRDA:129,1,1,0
BRDA:153,2,0,0
BRDA:153,2,1,0
BRDA:154,3,0,0
BRDA:154,3,1,0
BRDA:159,4,0,0
BRDA:159,4,1,0
BRDA:160,5,0,0
BRDA:160,5,1,0
BRDA:191,6,0,0
BRDA:191,6,1,0
BRDA:206,7,0,0
BRDA:206,7,1,0
BRDA:206,8,0,0
BRDA:206,8,1,0
BRDA:236,9,0,0
BRDA:236,9,1,0
BRDA:236,10,0,0
BRDA:236,10,1,0
BRDA:240,11,0,0
BRDA:240,11,1,0
BRDA:244,12,0,0
BRDA:244,12,1,0
BRDA:244,13,0,0
BRDA:244,13,1,0
BRDA:248,14,0,0
BRDA:248,14,1,0
BRDA:260,15,0,0
BRDA:260,15,1,0
BRDA:277,16,0,0
BRDA:277,16,1,0
BRDA:294,17,0,0
BRDA:294,17,1,0
BRDA:305,18,0,0
BRDA:305,18,1,0
BRDA:363,19,0,0
BRDA:363,19,1,0
BRDA:378,20,0,0
BRDA:378,20,1,0
BRDA:391,21,0,0
BRDA:391,21,1,0
BRDA:401,22,0,0
BRDA:401,22,1,0
BRDA:448,23,0,0
BRDA:448,23,1,0
BRDA:461,24,0,0
BRDA:461,24,1,0
BRDA:461,25,0,0
BRDA:461,25,1,0
BRDA:472,26,0,0
BRDA:472,26,1,0
BRDA:473,27,0,0
BRDA:473,27,1,0
BRDA:479,28,0,0
BRDA:479,28,1,0
BRDA:508,29,0,0
BRDA:508,29,1,0
BRDA:522,30,0,0
BRDA:522,30,1,0
BRF:62
BRH:0
end_of_record
TN:
SF:js\queue.js
FN:5,(anonymous_0)
FN:16,(anonymous_1)
FN:22,(anonymous_2)
FN:182,(anonymous_3)
FN:217,(anonymous_4)
FN:238,(anonymous_5)
FN:256,(anonymous_6)
FN:281,(anonymous_7)
FN:298,(anonymous_8)
FN:309,(anonymous_9)
FN:322,(anonymous_10)
FN:331,(anonymous_11)
FN:363,(anonymous_12)
FN:372,(anonymous_13)
FN:403,(anonymous_14)
FN:469,(anonymous_15)
FN:474,(anonymous_16)
FN:490,(anonymous_17)
FN:497,(anonymous_18)
FN:513,(anonymous_19)
FN:535,(anonymous_20)
FN:542,(anonymous_21)
FN:549,(anonymous_22)
FN:555,(anonymous_23)
FN:587,(anonymous_24)
FN:632,(anonymous_25)
FN:635,(anonymous_26)
FN:642,(anonymous_27)
FN:646,(anonymous_28)
FN:649,(anonymous_29)
FN:660,(anonymous_30)
FNF:31
FNH:0
FNDA:0,(anonymous_0)
FNDA:0,(anonymous_1)
FNDA:0,(anonymous_2)
FNDA:0,(anonymous_3)
FNDA:0,(anonymous_4)
FNDA:0,(anonymous_5)
FNDA:0,(anonymous_6)
FNDA:0,(anonymous_7)
FNDA:0,(anonymous_8)
FNDA:0,(anonymous_9)
FNDA:0,(anonymous_10)
FNDA:0,(anonymous_11)
FNDA:0,(anonymous_12)
FNDA:0,(anonymous_13)
FNDA:0,(anonymous_14)
FNDA:0,(anonymous_15)
FNDA:0,(anonymous_16)
FNDA:0,(anonymous_17)
FNDA:0,(anonymous_18)
FNDA:0,(anonymous_19)
FNDA:0,(anonymous_20)
FNDA:0,(anonymous_21)
FNDA:0,(anonymous_22)
FNDA:0,(anonymous_23)
FNDA:0,(anonymous_24)
FNDA:0,(anonymous_25)
FNDA:0,(anonymous_26)
FNDA:0,(anonymous_27)
FNDA:0,(anonymous_28)
FNDA:0,(anonymous_29)
FNDA:0,(anonymous_30)
DA:6,0
DA:7,0
DA:8,0
DA:9,0
DA:13,0
DA:17,0
DA:18,0
DA:23,0
DA:178,0
DA:183,0
DA:185,0
DA:186,0
DA:187,0
DA:191,0
DA:192,0
DA:193,0
DA:196,0
DA:199,0
DA:202,0
DA:203,0
DA:206,0
DA:208,0
DA:211,0
DA:212,0
DA:218,0
DA:219,0
DA:228,0
DA:229,0
DA:232,0
DA:233,0
DA:239,0
DA:240,0
DA:246,0
DA:247,0
DA:250,0
DA:251,0
DA:258,0
DA:261,0
DA:262,0
DA:265,0
DA:266,0
DA:267,0
DA:268,0
DA:271,0
DA:272,0
DA:273,0
DA:274,0
DA:277,0
DA:282,0
DA:284,0
DA:285,0
DA:286,0
DA:287,0
DA:288,0
DA:289,0
DA:290,0
DA:292,0
DA:293,0
DA:299,0
DA:302,0
DA:310,0
DA:311,0
DA:316,0
DA:323,0
DA:327,0
DA:332,0
DA:333,0
DA:335,0
DA:338,0
DA:341,0
DA:342,0
DA:346,0
DA:348,0
DA:349,0
DA:353,0
DA:354,0
DA:355,0
DA:358,0
DA:364,0
DA:365,0
DA:367,0
DA:373,0
DA:376,0
DA:377,0
DA:378,0
DA:381,0
DA:384,0
DA:385,0
DA:387,0
DA:391,0
DA:392,0
DA:396,0
DA:399,0
DA:404,0
DA:405,0
DA:408,0
DA:411,0
DA:453,0
DA:456,0
DA:457,0
DA:458,0
DA:459,0
DA:462,0
DA:469,0
DA:470,0
DA:471,0
DA:474,0
DA:475,0
DA:476,0
DA:477,0
DA:481,0
DA:484,0
DA:485,0
DA:493,0
DA:498,0
DA:499,0
DA:504,0
DA:505,0
DA:508,0
DA:514,0
DA:516,0
DA:519,0
DA:525,0
DA:527,0
DA:530,0
DA:537,0
DA:538,0
DA:543,0
DA:545,0
DA:551,0
DA:556,0
DA:557,0
DA:559,0
DA:560,0
DA:567,0
DA:568,0
DA:570,0
DA:571,0
DA:575,0
DA:576,0
DA:578,0
DA:581,0
DA:588,0
DA:590,0
DA:597,0
DA:604,0
DA:617,0
DA:618,0
DA:619,0
DA:622,0
DA:625,0
DA:626,0
DA:627,0
DA:633,0
DA:634,0
DA:635,0
DA:637,0
DA:643,0
DA:644,0
DA:645,0
DA:646,0
DA:649,0
DA:650,0
DA:651,0
DA:654,0
DA:660,0
DA:661,0
DA:665,0
DA:666,0
LF:169
LH:0
BRDA:186,0,0,0
BRDA:186,0,1,0
BRDA:192,1,0,0
BRDA:192,1,1,0
BRDA:228,2,0,0
BRDA:228,2,1,0
BRDA:246,3,0,0
BRDA:246,3,1,0
BRDA:261,4,0,0
BRDA:261,4,1,0
BRDA:271,5,0,0
BRDA:271,5,1,0
BRDA:273,6,0,0
BRDA:273,6,1,0
BRDA:284,7,0,0
BRDA:284,7,1,0
BRDA:288,8,0,0
BRDA:288,8,1,0
BRDA:299,9,0,0
BRDA:299,9,1,0
BRDA:341,10,0,0
BRDA:341,10,1,0
BRDA:341,11,0,0
BRDA:341,11,1,0
BRDA:346,12,0,0
BRDA:346,12,1,0
BRDA:348,13,0,0
BRDA:348,13,1,0
BRDA:353,14,0,0
BRDA:353,14,1,0
BRDA:354,15,0,0
BRDA:354,15,1,0
BRDA:364,16,0,0
BRDA:364,16,1,0
BRDA:372,17,0,0
BRDA:376,18,0,0
BRDA:376,18,1,0
BRDA:376,19,0,0
BRDA:376,19,1,0
BRDA:377,20,0,0
BRDA:377,20,1,0
BRDA:378,21,0,0
BRDA:378,21,1,0
BRDA:384,22,0,0
BRDA:384,22,1,0
BRDA:391,23,0,0
BRDA:391,23,1,0
BRDA:504,24,0,0
BRDA:504,24,1,0
BRDA:556,25,0,0
BRDA:556,25,1,0
BRDA:559,26,0,0
BRDA:559,26,1,0
BRDA:567,27,0,0
BRDA:567,27,1,0
BRDA:570,28,0,0
BRDA:570,28,1,0
BRDA:587,29,0,0
BRDA:618,30,0,0
BRDA:618,30,1,0
BRDA:626,31,0,0
BRDA:626,31,1,0
BRDA:665,32,0,0
BRDA:665,32,1,0
BRDA:665,33,0,0
BRDA:665,33,1,0
BRF:66
BRH:0
end_of_record
